[
  {
    "line": 1,
    "elements": [
      {
        "line": 12,
        "name": "Validate the orangehrm login with valid credentials",
        "description": "",
        "id": "validation-of-login-page;validate-the-orangehrm-login-with-valid-credentials;;2",
        "type": "scenario",
        "keyword": "Scenario Outline",
        "steps": [
          {
            "result": {
              "duration": 14711077400,
              "status": "passed"
            },
            "line": 4,
            "name": "launch the browser",
            "match": {
              "location": "Login.launch_the_browser()"
            },
            "keyword": "Given "
          },
          {
            "result": {
              "duration": 7879084400,
              "status": "passed"
            },
            "line": 5,
            "name": "open the orange hrm Application",
            "match": {
              "location": "Login.open_the_orange_hrm_Application()"
            },
            "keyword": "And "
          },
          {
            "result": {
              "error_message": "org.openqa.selenium.NoSuchElementException: no such element: Unable to locate element: {\"method\":\"css selector\",\"selector\":\"#txtusername\"}\n  (Session info: chrome\u003d94.0.4606.81)\nFor documentation on this error, please visit: https://www.seleniumhq.org/exceptions/no_such_element.html\nBuild info: version: \u00273.141.59\u0027, revision: \u0027e82be7d358\u0027, time: \u00272018-11-14T08:17:03\u0027\nSystem info: host: \u0027DESKTOP-7R7FH9G\u0027, ip: \u0027192.168.137.1\u0027, os.name: \u0027Windows 10\u0027, os.arch: \u0027amd64\u0027, os.version: \u002710.0\u0027, java.version: \u002716.0.2\u0027\nDriver info: org.openqa.selenium.chrome.ChromeDriver\nCapabilities {acceptInsecureCerts: false, browserName: chrome, browserVersion: 94.0.4606.81, chrome: {chromedriverVersion: 94.0.4606.61 (418b78f5838ed..., userDataDir: C:\\Users\\FIREMA~1\\AppData\\L...}, goog:chromeOptions: {debuggerAddress: localhost:54261}, javascriptEnabled: true, networkConnectionEnabled: false, pageLoadStrategy: normal, platform: WINDOWS, platformName: WINDOWS, proxy: Proxy(), setWindowRect: true, strictFileInteractability: false, timeouts: {implicit: 0, pageLoad: 300000, script: 30000}, unhandledPromptBehavior: dismiss and notify, webauthn:extension:credBlob: true, webauthn:extension:largeBlob: true, webauthn:virtualAuthenticators: true}\nSession ID: 37f49440b6af84faac4ea5a3f62e011e\n*** Element info: {Using\u003did, value\u003dtxtusername}\r\n\tat java.base/jdk.internal.reflect.NativeConstructorAccessorImpl.newInstance0(Native Method)\r\n\tat java.base/jdk.internal.reflect.NativeConstructorAccessorImpl.newInstance(NativeConstructorAccessorImpl.java:78)\r\n\tat java.base/jdk.internal.reflect.DelegatingConstructorAccessorImpl.newInstance(DelegatingConstructorAccessorImpl.java:45)\r\n\tat java.base/java.lang.reflect.Constructor.newInstanceWithCaller(Constructor.java:499)\r\n\tat java.base/java.lang.reflect.Constructor.newInstance(Constructor.java:480)\r\n\tat org.openqa.selenium.remote.http.W3CHttpResponseCodec.createException(W3CHttpResponseCodec.java:187)\r\n\tat org.openqa.selenium.remote.http.W3CHttpResponseCodec.decode(W3CHttpResponseCodec.java:122)\r\n\tat org.openqa.selenium.remote.http.W3CHttpResponseCodec.decode(W3CHttpResponseCodec.java:49)\r\n\tat org.openqa.selenium.remote.HttpCommandExecutor.execute(HttpCommandExecutor.java:158)\r\n\tat org.openqa.selenium.remote.service.DriverCommandExecutor.execute(DriverCommandExecutor.java:83)\r\n\tat org.openqa.selenium.remote.RemoteWebDriver.execute(RemoteWebDriver.java:552)\r\n\tat org.openqa.selenium.remote.RemoteWebDriver.findElement(RemoteWebDriver.java:323)\r\n\tat org.openqa.selenium.remote.RemoteWebDriver.findElementById(RemoteWebDriver.java:372)\r\n\tat org.openqa.selenium.By$ById.findElement(By.java:188)\r\n\tat org.openqa.selenium.remote.RemoteWebDriver.findElement(RemoteWebDriver.java:315)\r\n\tat org.openqa.selenium.support.pagefactory.DefaultElementLocator.findElement(DefaultElementLocator.java:69)\r\n\tat org.openqa.selenium.support.pagefactory.internal.LocatingElementHandler.invoke(LocatingElementHandler.java:38)\r\n\tat jdk.proxy2/jdk.proxy2.$Proxy17.sendKeys(Unknown Source)\r\n\tat utils.Base.send(Base.java:25)\r\n\tat stepDef.Login.enter_the_and(Login.java:42)\r\n\tat ✽.enter the \"admin\" and \"admin123\"(C:/Users/FIRE MANI/eclipse-workspace/cucumber/src/test/resources/Features/login.Feature:6)\r\n",
              "duration": 913350400,
              "status": "failed"
            },
            "line": 6,
            "name": "enter the \"admin\" and \"admin123\"",
            "match": {
              "arguments": [
                {
                  "val": "\"admin\"",
                  "offset": 10
                },
                {
                  "val": "\"admin123\"",
                  "offset": 22
                }
              ],
              "location": "Login.enter_the_and(String,String)"
            },
            "keyword": "When "
          },
          {
            "result": {
              "duration": 29700,
              "status": "skipped"
            },
            "line": 7,
            "name": "click the login button",
            "match": {
              "location": "Login.click_the_login_button()"
            },
            "keyword": "And "
          },
          {
            "result": {
              "duration": 29000,
              "status": "skipped"
            },
            "line": 8,
            "name": "validate the login message",
            "match": {
              "location": "Login.validate_the_login_message()"
            },
            "keyword": "Then "
          },
          {
            "result": {
              "duration": 21600,
              "status": "skipped"
            },
            "line": 9,
            "name": "close the browser",
            "match": {
              "location": "Login.close_the_browser()"
            },
            "keyword": "And "
          }
        ]
      },
      {
        "line": 13,
        "name": "Validate the orangehrm login with valid credentials",
        "description": "",
        "id": "validation-of-login-page;validate-the-orangehrm-login-with-valid-credentials;;3",
        "type": "scenario",
        "keyword": "Scenario Outline",
        "steps": [
          {
            "result": {
              "duration": 17856853300,
              "status": "passed"
            },
            "line": 4,
            "name": "launch the browser",
            "match": {
              "location": "Login.launch_the_browser()"
            },
            "keyword": "Given "
          },
          {
            "result": {
              "duration": 5467167800,
              "status": "passed"
            },
            "line": 5,
            "name": "open the orange hrm Application",
            "match": {
              "location": "Login.open_the_orange_hrm_Application()"
            },
            "keyword": "And "
          },
          {
            "result": {
              "error_message": "org.openqa.selenium.NoSuchElementException: no such element: Unable to locate element: {\"method\":\"css selector\",\"selector\":\"#txtusername\"}\n  (Session info: chrome\u003d94.0.4606.81)\nFor documentation on this error, please visit: https://www.seleniumhq.org/exceptions/no_such_element.html\nBuild info: version: \u00273.141.59\u0027, revision: \u0027e82be7d358\u0027, time: \u00272018-11-14T08:17:03\u0027\nSystem info: host: \u0027DESKTOP-7R7FH9G\u0027, ip: \u0027192.168.137.1\u0027, os.name: \u0027Windows 10\u0027, os.arch: \u0027amd64\u0027, os.version: \u002710.0\u0027, java.version: \u002716.0.2\u0027\nDriver info: org.openqa.selenium.chrome.ChromeDriver\nCapabilities {acceptInsecureCerts: false, browserName: chrome, browserVersion: 94.0.4606.81, chrome: {chromedriverVersion: 94.0.4606.61 (418b78f5838ed..., userDataDir: C:\\Users\\FIREMA~1\\AppData\\L...}, goog:chromeOptions: {debuggerAddress: localhost:56935}, javascriptEnabled: true, networkConnectionEnabled: false, pageLoadStrategy: normal, platform: WINDOWS, platformName: WINDOWS, proxy: Proxy(), setWindowRect: true, strictFileInteractability: false, timeouts: {implicit: 0, pageLoad: 300000, script: 30000}, unhandledPromptBehavior: dismiss and notify, webauthn:extension:credBlob: true, webauthn:extension:largeBlob: true, webauthn:virtualAuthenticators: true}\nSession ID: 5cdf9f2644418a6bd9f2cab53407417d\n*** Element info: {Using\u003did, value\u003dtxtusername}\r\n\tat java.base/jdk.internal.reflect.NativeConstructorAccessorImpl.newInstance0(Native Method)\r\n\tat java.base/jdk.internal.reflect.NativeConstructorAccessorImpl.newInstance(NativeConstructorAccessorImpl.java:78)\r\n\tat java.base/jdk.internal.reflect.DelegatingConstructorAccessorImpl.newInstance(DelegatingConstructorAccessorImpl.java:45)\r\n\tat java.base/java.lang.reflect.Constructor.newInstanceWithCaller(Constructor.java:499)\r\n\tat java.base/java.lang.reflect.Constructor.newInstance(Constructor.java:480)\r\n\tat org.openqa.selenium.remote.http.W3CHttpResponseCodec.createException(W3CHttpResponseCodec.java:187)\r\n\tat org.openqa.selenium.remote.http.W3CHttpResponseCodec.decode(W3CHttpResponseCodec.java:122)\r\n\tat org.openqa.selenium.remote.http.W3CHttpResponseCodec.decode(W3CHttpResponseCodec.java:49)\r\n\tat org.openqa.selenium.remote.HttpCommandExecutor.execute(HttpCommandExecutor.java:158)\r\n\tat org.openqa.selenium.remote.service.DriverCommandExecutor.execute(DriverCommandExecutor.java:83)\r\n\tat org.openqa.selenium.remote.RemoteWebDriver.execute(RemoteWebDriver.java:552)\r\n\tat org.openqa.selenium.remote.RemoteWebDriver.findElement(RemoteWebDriver.java:323)\r\n\tat org.openqa.selenium.remote.RemoteWebDriver.findElementById(RemoteWebDriver.java:372)\r\n\tat org.openqa.selenium.By$ById.findElement(By.java:188)\r\n\tat org.openqa.selenium.remote.RemoteWebDriver.findElement(RemoteWebDriver.java:315)\r\n\tat org.openqa.selenium.support.pagefactory.DefaultElementLocator.findElement(DefaultElementLocator.java:69)\r\n\tat org.openqa.selenium.support.pagefactory.internal.LocatingElementHandler.invoke(LocatingElementHandler.java:38)\r\n\tat jdk.proxy2/jdk.proxy2.$Proxy17.sendKeys(Unknown Source)\r\n\tat utils.Base.send(Base.java:25)\r\n\tat stepDef.Login.enter_the_and(Login.java:42)\r\n\tat ✽.enter the \"thillai\" and \"arasu\"(C:/Users/FIRE MANI/eclipse-workspace/cucumber/src/test/resources/Features/login.Feature:6)\r\n",
              "duration": 52202500,
              "status": "failed"
            },
            "line": 6,
            "name": "enter the \"thillai\" and \"arasu\"",
            "match": {
              "arguments": [
                {
                  "val": "\"thillai\"",
                  "offset": 10
                },
                {
                  "val": "\"arasu\"",
                  "offset": 24
                }
              ],
              "location": "Login.enter_the_and(String,String)"
            },
            "keyword": "When "
          },
          {
            "result": {
              "duration": 15100,
              "status": "skipped"
            },
            "line": 7,
            "name": "click the login button",
            "match": {
              "location": "Login.click_the_login_button()"
            },
            "keyword": "And "
          },
          {
            "result": {
              "duration": 13300,
              "status": "skipped"
            },
            "line": 8,
            "name": "validate the login message",
            "match": {
              "location": "Login.validate_the_login_message()"
            },
            "keyword": "Then "
          },
          {
            "result": {
              "duration": 11700,
              "status": "skipped"
            },
            "line": 9,
            "name": "close the browser",
            "match": {
              "location": "Login.close_the_browser()"
            },
            "keyword": "And "
          }
        ]
      }
    ],
    "name": "Validation of login page",
    "description": "",
    "id": "validation-of-login-page",
    "keyword": "Feature",
    "uri": "C:/Users/FIRE MANI/eclipse-workspace/cucumber/src/test/resources/Features/login.Feature",
    "tags": []
  }
]